GEOSERVER DATA DIR is /usr/local/lib/geoserver-2.22.2/data_dir
2025-11-22 11:55:25.213:INFO::main: Logging initialized @2610ms to org.eclipse.jetty.util.log.StdErrLog
Error binding ShutdownMonitor to port 8079: java.net.BindException: Address already in use (Bind failed)
2025-11-22 11:55:26.282:INFO:oejs.Server:main: jetty-9.4.48.v20220622; built: 2022-06-21T20:42:25.880Z; git: 6b67c5719d1f4371b33655ff2d047d24e171e49a; jvm 1.8.0_382-8u382-ga-1~22.04.1-b05
2025-11-22 11:55:26.381:INFO:oejdp.ScanningAppProvider:main: Deployment monitor [file:///usr/local/lib/geoserver-2.22.2/webapps/] at interval 1
2025-11-22 11:55:28.443:INFO:oejw.StandardDescriptorProcessor:main: NO JSP Support for /geoserver, did not find org.eclipse.jetty.jsp.JettyJspServlet
2025-11-22 11:55:28.870:INFO:oejs.session:main: DefaultSessionIdManager workerName=node0
2025-11-22 11:55:28.871:INFO:oejs.session:main: No SessionScavenger set, using defaults
2025-11-22 11:55:28.874:INFO:oejs.session:main: node0 Scavenging every 600000ms
11:55:32 CONFIG [geoserver.logging] - Logging policy: Log4J2
Nov 22, 2025 11:55:34 AM org.geotools.imageio.netcdf.utilities.NetCDFUtilities <clinit>
INFO: Value of Check Coordinate Plugins:null
Nov 22, 2025 11:55:34 AM org.geotools.imageio.netcdf.utilities.NetCDFUtilities <clinit>
INFO: Should check for coordinate handler plugins:false
2025-11-22 11:55:37.003:INFO:oejshC.geoserver:main: Initializing Spring root WebApplicationContext
2025-11-22 11:56:26.829:INFO:oejsh.ContextHandler:main: Started o.e.j.w.WebAppContext@59e5ddf{GeoServer,/geoserver,file:///usr/local/lib/geoserver-2.22.2/webapps/geoserver/,AVAILABLE}{/usr/local/lib/geoserver-2.22.2/webapps/geoserver}
2025-11-22 11:56:26.870:WARN:oejx.XmlConfiguration:main: 
java.security.PrivilegedActionException: java.io.IOException: Failed to bind to 0.0.0.0/0.0.0.0:8082
	at java.security.AccessController.doPrivileged(Native Method)
	at org.eclipse.jetty.xml.XmlConfiguration.main(XmlConfiguration.java:1857)
	at sun.reflect.NativeMethodAccessorImpl.invoke0(Native Method)
	at sun.reflect.NativeMethodAccessorImpl.invoke(NativeMethodAccessorImpl.java:62)
	at sun.reflect.DelegatingMethodAccessorImpl.invoke(DelegatingMethodAccessorImpl.java:43)
	at java.lang.reflect.Method.invoke(Method.java:498)
	at org.eclipse.jetty.start.Main.invokeMain(Main.java:218)
	at org.eclipse.jetty.start.Main.start(Main.java:491)
	at org.eclipse.jetty.start.Main.main(Main.java:77)
Caused by: 
java.io.IOException: Failed to bind to 0.0.0.0/0.0.0.0:8082
	at org.eclipse.jetty.server.ServerConnector.openAcceptChannel(ServerConnector.java:349)
	at org.eclipse.jetty.server.ServerConnector.open(ServerConnector.java:310)
	at org.eclipse.jetty.server.AbstractNetworkConnector.doStart(AbstractNetworkConnector.java:80)
	at org.eclipse.jetty.server.ServerConnector.doStart(ServerConnector.java:234)
	at org.eclipse.jetty.util.component.AbstractLifeCycle.start(AbstractLifeCycle.java:73)
	at org.eclipse.jetty.server.Server.doStart(Server.java:401)
	at org.eclipse.jetty.util.component.AbstractLifeCycle.start(AbstractLifeCycle.java:73)
	at org.eclipse.jetty.xml.XmlConfiguration.lambda$main$3(XmlConfiguration.java:1907)
	at java.security.AccessController.doPrivileged(Native Method)
	at org.eclipse.jetty.xml.XmlConfiguration.main(XmlConfiguration.java:1857)
	at sun.reflect.NativeMethodAccessorImpl.invoke0(Native Method)
	at sun.reflect.NativeMethodAccessorImpl.invoke(NativeMethodAccessorImpl.java:62)
	at sun.reflect.DelegatingMethodAccessorImpl.invoke(DelegatingMethodAccessorImpl.java:43)
	at java.lang.reflect.Method.invoke(Method.java:498)
	at org.eclipse.jetty.start.Main.invokeMain(Main.java:218)
	at org.eclipse.jetty.start.Main.start(Main.java:491)
	at org.eclipse.jetty.start.Main.main(Main.java:77)
Caused by: 
java.net.BindException: Address already in use
	at sun.nio.ch.Net.bind0(Native Method)
	at sun.nio.ch.Net.bind(Net.java:461)
	at sun.nio.ch.Net.bind(Net.java:453)
	at sun.nio.ch.ServerSocketChannelImpl.bind(ServerSocketChannelImpl.java:222)
	at sun.nio.ch.ServerSocketAdaptor.bind(ServerSocketAdaptor.java:85)
	at org.eclipse.jetty.server.ServerConnector.openAcceptChannel(ServerConnector.java:344)
	at org.eclipse.jetty.server.ServerConnector.open(ServerConnector.java:310)
	at org.eclipse.jetty.server.AbstractNetworkConnector.doStart(AbstractNetworkConnector.java:80)
	at org.eclipse.jetty.server.ServerConnector.doStart(ServerConnector.java:234)
	at org.eclipse.jetty.util.component.AbstractLifeCycle.start(AbstractLifeCycle.java:73)
	at org.eclipse.jetty.server.Server.doStart(Server.java:401)
	at org.eclipse.jetty.util.component.AbstractLifeCycle.start(AbstractLifeCycle.java:73)
	at org.eclipse.jetty.xml.XmlConfiguration.lambda$main$3(XmlConfiguration.java:1907)
	at java.security.AccessController.doPrivileged(Native Method)
	at org.eclipse.jetty.xml.XmlConfiguration.main(XmlConfiguration.java:1857)
	at sun.reflect.NativeMethodAccessorImpl.invoke0(Native Method)
	at sun.reflect.NativeMethodAccessorImpl.invoke(NativeMethodAccessorImpl.java:62)
	at sun.reflect.DelegatingMethodAccessorImpl.invoke(DelegatingMethodAccessorImpl.java:43)
	at java.lang.reflect.Method.invoke(Method.java:498)
	at org.eclipse.jetty.start.Main.invokeMain(Main.java:218)
	at org.eclipse.jetty.start.Main.start(Main.java:491)
	at org.eclipse.jetty.start.Main.main(Main.java:77)
java.lang.reflect.InvocationTargetException
	at sun.reflect.NativeMethodAccessorImpl.invoke0(Native Method)
	at sun.reflect.NativeMethodAccessorImpl.invoke(NativeMethodAccessorImpl.java:62)
	at sun.reflect.DelegatingMethodAccessorImpl.invoke(DelegatingMethodAccessorImpl.java:43)
	at java.lang.reflect.Method.invoke(Method.java:498)
	at org.eclipse.jetty.start.Main.invokeMain(Main.java:218)
	at org.eclipse.jetty.start.Main.start(Main.java:491)
	at org.eclipse.jetty.start.Main.main(Main.java:77)
Caused by: java.security.PrivilegedActionException: java.io.IOException: Failed to bind to 0.0.0.0/0.0.0.0:8082
	at java.security.AccessController.doPrivileged(Native Method)
	at org.eclipse.jetty.xml.XmlConfiguration.main(XmlConfiguration.java:1857)
	... 7 more
Caused by: java.io.IOException: Failed to bind to 0.0.0.0/0.0.0.0:8082
	at org.eclipse.jetty.server.ServerConnector.openAcceptChannel(ServerConnector.java:349)
	at org.eclipse.jetty.server.ServerConnector.open(ServerConnector.java:310)
	at org.eclipse.jetty.server.AbstractNetworkConnector.doStart(AbstractNetworkConnector.java:80)
	at org.eclipse.jetty.server.ServerConnector.doStart(ServerConnector.java:234)
	at org.eclipse.jetty.util.component.AbstractLifeCycle.start(AbstractLifeCycle.java:73)
	at org.eclipse.jetty.server.Server.doStart(Server.java:401)
	at org.eclipse.jetty.util.component.AbstractLifeCycle.start(AbstractLifeCycle.java:73)
	at org.eclipse.jetty.xml.XmlConfiguration.lambda$main$3(XmlConfiguration.java:1907)
	... 9 more
Caused by: java.net.BindException: Address already in use
	at sun.nio.ch.Net.bind0(Native Method)
	at sun.nio.ch.Net.bind(Net.java:461)
	at sun.nio.ch.Net.bind(Net.java:453)
	at sun.nio.ch.ServerSocketChannelImpl.bind(ServerSocketChannelImpl.java:222)
	at sun.nio.ch.ServerSocketAdaptor.bind(ServerSocketAdaptor.java:85)
	at org.eclipse.jetty.server.ServerConnector.openAcceptChannel(ServerConnector.java:344)
	... 16 more
java.lang.reflect.InvocationTargetException
	at sun.reflect.NativeMethodAccessorImpl.invoke0(Native Method)
	at sun.reflect.NativeMethodAccessorImpl.invoke(NativeMethodAccessorImpl.java:62)
	at sun.reflect.DelegatingMethodAccessorImpl.invoke(DelegatingMethodAccessorImpl.java:43)
	at java.lang.reflect.Method.invoke(Method.java:498)
	at org.eclipse.jetty.start.Main.invokeMain(Main.java:218)
	at org.eclipse.jetty.start.Main.start(Main.java:491)
	at org.eclipse.jetty.start.Main.main(Main.java:77)
Caused by: java.security.PrivilegedActionException: java.io.IOException: Failed to bind to 0.0.0.0/0.0.0.0:8082
	at java.security.AccessController.doPrivileged(Native Method)
	at org.eclipse.jetty.xml.XmlConfiguration.main(XmlConfiguration.java:1857)
	... 7 more
Caused by: java.io.IOException: Failed to bind to 0.0.0.0/0.0.0.0:8082
	at org.eclipse.jetty.server.ServerConnector.openAcceptChannel(ServerConnector.java:349)
	at org.eclipse.jetty.server.ServerConnector.open(ServerConnector.java:310)
	at org.eclipse.jetty.server.AbstractNetworkConnector.doStart(AbstractNetworkConnector.java:80)
	at org.eclipse.jetty.server.ServerConnector.doStart(ServerConnector.java:234)
	at org.eclipse.jetty.util.component.AbstractLifeCycle.start(AbstractLifeCycle.java:73)
	at org.eclipse.jetty.server.Server.doStart(Server.java:401)
	at org.eclipse.jetty.util.component.AbstractLifeCycle.start(AbstractLifeCycle.java:73)
	at org.eclipse.jetty.xml.XmlConfiguration.lambda$main$3(XmlConfiguration.java:1907)
	... 9 more
Caused by: java.net.BindException: Address already in use
	at sun.nio.ch.Net.bind0(Native Method)
	at sun.nio.ch.Net.bind(Net.java:461)
	at sun.nio.ch.Net.bind(Net.java:453)
	at sun.nio.ch.ServerSocketChannelImpl.bind(ServerSocketChannelImpl.java:222)
	at sun.nio.ch.ServerSocketAdaptor.bind(ServerSocketAdaptor.java:85)
	at org.eclipse.jetty.server.ServerConnector.openAcceptChannel(ServerConnector.java:344)
	... 16 more

Usage: java -jar $JETTY_HOME/start.jar [options] [properties] [configs]
       java -jar $JETTY_HOME/start.jar --help  # for more information
Running Firefox as root in a regular user's session is not supported.  ($XAUTHORITY is /home/user/.Xauthority which is owned by user.)
